
RAxML-NG v. 1.2.1 released on 22.12.2023 by The Exelixis Lab.
Developed by: Alexey M. Kozlov and Alexandros Stamatakis.
Contributors: Diego Darriba, Tomas Flouri, Benoit Morel, Sarah Lutteropp, Ben Bettisworth, Julia Haag, Anastasis Togkousidis.
Latest version: https://github.com/amkozlov/raxml-ng
Questions/problems/suggestions? Please visit: https://groups.google.com/forum/#!forum/raxml

System: Apple M1 Pro, 8 cores, 16 GB RAM

RAxML-NG was called at 04-Mar-2024 10:46:44 as follows:

raxml-ng --msa data/proteome-tree/all-one_proteome_per_order.hmmalign.fa --model JTT+G4 --prefix data/proteome-tree/raxml/T4 --threads 7 --seed 2

Analysis options:
  run mode: ML tree search
  start tree(s): random (10) + parsimony (10)
  random seed: 2
  tip-inner: OFF
  pattern compression: ON
  per-rate scalers: OFF
  site repeats: ON
  logLH epsilon: general: 10.000000, brlen-triplet: 1000.000000
  fast spr radius: AUTO
  spr subtree cutoff: 1.000000
  fast CLV updates: ON
  branch lengths: proportional (ML estimate, algorithm: NR-FAST)
  SIMD kernels: SSE3
  parallelization: coarse-grained (auto), PTHREADS (7 threads), thread pinning: OFF

[00:00:00] Reading alignment from file: data/proteome-tree/all-one_proteome_per_order.hmmalign.fa
[00:00:00] Loaded alignment with 1695 taxa and 214 sites

WARNING: Sequences A0A166CLK7 and A0A166F1S8 are exactly identical!
WARNING: Sequences A0A1V8SV31 and A0A1V8T1G2 are exactly identical!
WARNING: Sequences A0A6Q2X341 and A0A3P8Y5T0 are exactly identical!
WARNING: Sequences C6YBD2 and A0A6P6PH11 are exactly identical!
WARNING: Sequences H2M5F4 and A0A3B3IBL1 are exactly identical!
WARNING: Sequences A0A3P9L1D8 and A0A3P9INL1 are exactly identical!
WARNING: Sequences A0A3P9L1D8 and A0A3P9GX95 are exactly identical!
WARNING: Sequences W5MJX9 and W5MJZ6 are exactly identical!
WARNING: Sequences A0A834E413 and A0A6J2M440 are exactly identical!
WARNING: Sequences A0A8C4Z1E4 and A0A8C5CSC3 are exactly identical!
WARNING: Sequences F7F2U4 and A0A6I8N5Z5 are exactly identical!
WARNING: Sequences Q3UFR6 and Q3UFK9 are exactly identical!
WARNING: Sequences Q3UFR6 and P11344 are exactly identical!
WARNING: Sequences Q3UFR6 and Q91XK0 are exactly identical!
WARNING: Sequences A0A8V0XYW8 and Q91436 are exactly identical!
WARNING: Sequences A0A8V0XYW8 and A0A411DFI8 are exactly identical!
WARNING: Sequences A0A8V0XYW8 and P55024 are exactly identical!
WARNING: Sequences A0A8V0XYW8 and R9PXQ3 are exactly identical!
WARNING: Sequences A0A7K9AST9 and A0A8C4PD88 are exactly identical!
WARNING: Sequences A0A3P9DD97 and A0A3P9DCZ5 are exactly identical!
WARNING: Sequences A0A3P9DD97 and A0A3P9DCZ0 are exactly identical!
WARNING: Sequences A0A3P9DD97 and A0A3P9DDI6 are exactly identical!
WARNING: Sequences A0A4W4DSZ2 and A0A4W4DSJ1 are exactly identical!
WARNING: Sequences A0A4W4DSZ2 and A0A4W4DSL1 are exactly identical!
WARNING: Sequences A0A7K5G7N5 and A0A8J4JZA9 are exactly identical!
WARNING: Sequences A0A665TZR3 and A0A665TYB5 are exactly identical!
WARNING: Sequences A0A665TZR3 and A0A665U046 are exactly identical!
WARNING: Sequences A0A665TZR3 and A0A665U0D6 are exactly identical!
WARNING: Sequences A0A665TZR3 and A0A665U148 are exactly identical!
WARNING: Sequences A0A3Q3W8S8 and A0A3Q3WHI3 are exactly identical!
WARNING: Sequences A0A8C7DMZ2 and A0A8C7DNZ2 are exactly identical!
WARNING: Sequences A0A3Q3ME81 and A0A7N8WV62 are exactly identical!
WARNING: Sequences A0A3Q3ME81 and A0A7N8XMW7 are exactly identical!
WARNING: Sequences A0A673AZ69 and A0A673AV93 are exactly identical!
WARNING: Sequences A0A673AZ69 and A0A673AVA7 are exactly identical!
WARNING: Sequences A0A673AZ69 and A0A673AYN8 are exactly identical!
WARNING: Sequences A0A671VQB1 and A0A671VV29 are exactly identical!
WARNING: Sequences A0A8B9LFG9 and A0A8B9LJ40 are exactly identical!
WARNING: Sequences A0A8D0ASF2 and A0A8D0ANY3 are exactly identical!
WARNING: Sequences A0A8D0ASF2 and A0A8D0AI83 are exactly identical!
WARNING: Sequences A0A8D0ASF2 and A0A8D0AJR2 are exactly identical!
WARNING: Sequences A0A8D0ASF2 and A0A8D0AKM4 are exactly identical!
WARNING: Sequences A0A8D0ASF2 and A0A8D0AKK8 are exactly identical!
WARNING: Sequences A0A8D0ASF2 and A0A8D0APM3 are exactly identical!
WARNING: Sequences A0A8D0ASF2 and A0A8D0AHS8 are exactly identical!
WARNING: Sequences A0A8D0ASF2 and A0A8D0AKH8 are exactly identical!
WARNING: Sequences A0A8D0ASF2 and A0A8D0AJS7 are exactly identical!
WARNING: Sequences A0A672H926 and A0A672H757 are exactly identical!
WARNING: Sequences A0A672H926 and A0A672H7A4 are exactly identical!
WARNING: Sequences A0A672H926 and A0A672H8F8 are exactly identical!
WARNING: Sequences A0A672H926 and A0A672H9G5 are exactly identical!
WARNING: Sequences A0A672H926 and A0A672H8F4 are exactly identical!
WARNING: Sequences A0A672H926 and A0A672H8N6 are exactly identical!
WARNING: Sequences A0A3Q3FG97 and A0A3Q3FCV4 are exactly identical!
WARNING: Sequences A0A3Q3FG97 and A0A3Q3FF19 are exactly identical!
WARNING: Sequences A0A4W4FK46 and A0A4W4FK82 are exactly identical!
WARNING: Sequences A0A4W4FK46 and A0A4W4FKH2 are exactly identical!
WARNING: Sequences A0A4W4FK46 and A0A4W4FJV5 are exactly identical!
WARNING: Sequences A0A7N8WK81 and A0A3Q3LTG6 are exactly identical!
WARNING: Sequences A0A667X160 and A0A667XQH0 are exactly identical!
WARNING: Sequences A0A667X160 and A0A667X0R0 are exactly identical!
WARNING: Sequences A0A667X160 and A0A667X6Y8 are exactly identical!
WARNING: Sequences A0A667X160 and A0A667XEU4 are exactly identical!
WARNING: Sequences A0A667X160 and A0A667WZT2 are exactly identical!
WARNING: Sequences A0A667X160 and A0A667XA17 are exactly identical!
WARNING: Sequences A0A667X160 and A0A667WZ85 are exactly identical!
WARNING: Sequences A0A4W3ISZ4 and A0A4W3J2R9 are exactly identical!
WARNING: Sequences A0A4W3ISZ4 and A0A4W3ISX3 are exactly identical!
WARNING: Sequences A0A4W3ISZ4 and A0A4W3JJW4 are exactly identical!
WARNING: Sequences A0A4W3ISZ4 and A0A4W3JJY3 are exactly identical!
WARNING: Sequences A0A4W3ISZ4 and A0A4W3IPU9 are exactly identical!
WARNING: Sequences A0A4W3ISZ4 and A0A4W3JK65 are exactly identical!
WARNING: Sequences A0A4W3ISZ4 and A0A4W3J2P3 are exactly identical!
WARNING: Sequences A0A672H8P5 and A0A672GYZ6 are exactly identical!
WARNING: Sequences A0A8C9W7B7 and A0A8C9VVP9 are exactly identical!
WARNING: Sequences A0A8C9W7B7 and A0A8C9WGW1 are exactly identical!
WARNING: Sequences A0A8C9W7B7 and A0A8D0CM39 are exactly identical!
WARNING: Sequences A0A8C9W7B7 and A0A8C9T050 are exactly identical!
WARNING: Sequences A0A8C9W7B7 and A0A8C9VS47 are exactly identical!
WARNING: Sequences A0A8C9W7B7 and A0A8C9S4V1 are exactly identical!
WARNING: Sequences A0A8C9W7B7 and A0A8C9T7Y9 are exactly identical!
WARNING: Sequences A0A8C9W2N0 and A0A8C9VDB0 are exactly identical!
WARNING: Sequences A0A8C6SV51 and A0A8C6SZM1 are exactly identical!
WARNING: Sequences A0A8C9SKL6 and A0A8C9VTL4 are exactly identical!
WARNING: Sequences A0A8C9SKL6 and A0A8C9SVH4 are exactly identical!
WARNING: Sequences A0A8C9SKL6 and A0A8C9RJM5 are exactly identical!
WARNING: Sequences A0A8C9SKL6 and A0A8D0CMP5 are exactly identical!
WARNING: Sequences A9SUP1 and Q56N25 are exactly identical!
WARNING: Sequences A0A0X3Q9U6 and A0A183TCN8 are exactly identical!
WARNING: Sequences W5KN36 and A0A8B9HTI6 are exactly identical!
WARNING: Sequences E5L9E4 and A0A1U7YXM0 are exactly identical!
WARNING: Sequences A0A6P6VQA2 and A0A6P6W8K5 are exactly identical!
WARNING: Sequences A0A438JHW3 and A5BPY3 are exactly identical!
WARNING: Sequences A0A438JHW3 and A0A6G6B0Q9 are exactly identical!
WARNING: Sequences A0A804K4K7 and A0A8D7EWJ4 are exactly identical!
WARNING: Sequences A0A8B8EYB2 and A0A8B8EX42 are exactly identical!
WARNING: Sequences A0A833XZ93 and A0A2I4DDQ0 are exactly identical!
WARNING: Sequences A0A833XZ93 and A0A8E6HRF2 are exactly identical!
WARNING: Sequences A0A673AEK6 and A0A673AFK8 are exactly identical!
WARNING: Sequences A0A835DS09 and A0A834Y8S0 are exactly identical!
WARNING: Sequences A0A2I4HRS7 and C0LU17 are exactly identical!
WARNING: Sequences A0A804JMC8 and A0A8D7FBP1 are exactly identical!
WARNING: Sequences A0A8S2MFL9 and A0A814MII4 are exactly identical!
WARNING: Sequences A0A6P6S967 and A0A6P6S8C0 are exactly identical!
WARNING: Sequences H9AYE4 and G1SLB6 are exactly identical!
WARNING: Sequences A0A7I3ZAZ7 and A0A2K1JC20 are exactly identical!
WARNING: Sequences A0A5B0PDE5 and A0A5B0M872 are exactly identical!
WARNING: Sequences A9U439 and A0A2K1IZ55 are exactly identical!
WARNING: Sequences A0A665TYY4 and A0A665U0T6 are exactly identical!
WARNING: Sequences A0A0I9N9E9 and A0A4E9FH29 are exactly identical!
WARNING: Sequences A0A804K4K6 and A0A8D7EVW3 are exactly identical!
WARNING: Sequences A0A7I4A3E3 and A0A2K1J0S4 are exactly identical!
WARNING: Sequences A0A4S2LBG9 and A0A4S2LJ85 are exactly identical!
WARNING: Sequences P43311 and PPOVv are exactly identical!
WARNING: Sequences B1H1U5 and A0A8J0VPY8 are exactly identical!
WARNING: Sequences P07147 and Q3UFS3 are exactly identical!
WARNING: Sequences A9U514 and A0A2K1K363 are exactly identical!
WARNING: Sequences A0A8C6SZA1 and A0A8C6SWU6 are exactly identical!
WARNING: Sequences A0A8C6SZA1 and A0A8C6SYK8 are exactly identical!
WARNING: Sequences A0A8B8EX72 and A0A8B8EY98 are exactly identical!
WARNING: Sequences A0A0J9YBJ2 and A0A4E9F741 are exactly identical!
WARNING: Sequences A0A0J9YBJ2 and A0A8L7T7J8 are exactly identical!
WARNING: Sequences A0A665VJD2 and A0A665VJD5 are exactly identical!
WARNING: Sequences Q41388 and P43310 are exactly identical!
WARNING: Sequences A0A665VJI1 and A0A665VJL9 are exactly identical!
WARNING: Sequences A0A3P9JBJ1 and H2LHF8 are exactly identical!
WARNING: Sequences A0A8C3IQR5 and A0A8C3IPS0 are exactly identical!
WARNING: Sequences A0A6P6SDS1 and A0A6P6SDQ3 are exactly identical!
WARNING: Sequences A0A378U9W3 and A0A0N7H8Q0 are exactly identical!
WARNING: Sequences A0A2T9KBT8 and A0A2T9JKS7 are exactly identical!
WARNING: Sequences A0A7K5H484 and A0A8C3PRK8 are exactly identical!
WARNING: Sequences A0A7K5H484 and A0A7K9SMQ3 are exactly identical!
WARNING: Sequences W5VG55 and W5VGJ7 are exactly identical!
WARNING: Sequences A0A0L0SY24 and A0A0L0S6J0 are exactly identical!
WARNING: Sequences A0A2R6X3H0 and A0A2R6X3F7 are exactly identical!
WARNING: Sequences Q1KYS7 and A0A1S4B7N5 are exactly identical!
WARNING: Sequences A0A7L3BWI7 and A0A7K8PGQ7 are exactly identical!
WARNING: Sequences A0A7L3BWI7 and A0A8J4NLN4 are exactly identical!
WARNING: Sequences A0A8S3PQQ5 and A0A8S3R6D1 are exactly identical!
WARNING: Sequences A0A7K5YP76 and A0A7L1T906 are exactly identical!
WARNING: Sequences A0A7K5YP76 and A0A851YNW3 are exactly identical!
WARNING: Sequences P29812 and B2CY76 are exactly identical!
WARNING: Sequences A0A667XPW3 and A0A667XEU1 are exactly identical!
WARNING: Sequences A0A7E6CJR0 and A0A6J2MT63 are exactly identical!
WARNING: Sequences A0A3P8WPH4 and A0A3P8WX67 are exactly identical!
WARNING: Sequences F1NXQ4 and A0A8V0YUG7 are exactly identical!
WARNING: Sequences A0A665WH07 and A0A665WHE5 are exactly identical!
WARNING: Sequences A0A665WH07 and A0A665WIL5 are exactly identical!
WARNING: Sequences A0A6Q2WQT1 and A0A6Q2XXP6 are exactly identical!
WARNING: Sequences A0A6Q2WQT1 and A0A6Q2ZF86 are exactly identical!
WARNING: Sequences A0A6Q2WQT1 and A0A3P8XCB2 are exactly identical!
WARNING: Sequences A0A6Q2WQT1 and A0A3P8ZF14 are exactly identical!
WARNING: Sequences A0A6Q2WQT1 and A0A6Q2XKY1 are exactly identical!
WARNING: Sequences A0A4W4EPW9 and A0A4W4EPK5 are exactly identical!
WARNING: Sequences A0A4W4EPW9 and A0A4W4ERN1 are exactly identical!
WARNING: Sequences A0A4S2LES6 and A0A4S2LF11 are exactly identical!
WARNING: Sequences A0A834DL67 and A0A833YRW9 are exactly identical!
WARNING: Sequences A0A8C4ZF76 and A0A8C5BI42 are exactly identical!
WARNING: Sequences A0A8C7KD02 and A0A8C7KBN0 are exactly identical!
WARNING: Sequences A0A4W3ICV8 and A0A4W3IEG1 are exactly identical!
WARNING: Sequences A0A4W3ICV8 and A0A4W3I926 are exactly identical!
WARNING: Sequences A0A4W3ICV8 and A0A4W3I5I7 are exactly identical!
WARNING: Sequences A0A4W3ICV8 and A0A4W3I954 are exactly identical!
WARNING: Sequences A0A4W3ICV8 and A0A4W3I973 are exactly identical!
WARNING: Sequences A0A3P9IZ81 and A0A3P9HD27 are exactly identical!
WARNING: Sequences A0A2R6X796 and A0A2R6X7A4 are exactly identical!
WARNING: Sequences A0A2R6X796 and A0A2R6WNN9 are exactly identical!
WARNING: Sequences A0A8C7MZN8 and A0A8C7MZ32 are exactly identical!
WARNING: Sequences A0A8C7DMM6 and A0A8C7DQW5 are exactly identical!
WARNING: Sequences A0A8C7DMM6 and A0A8C7DMG3 are exactly identical!
WARNING: Sequences A0A8C7DMM6 and A0A8C7DK61 are exactly identical!
WARNING: Sequences A0A8C7DMM6 and A0A8C7DME3 are exactly identical!
WARNING: Sequences A0A8D0CMF0 and A0A8C9WYK1 are exactly identical!
WARNING: Sequences A0A3P8ZVY5 and A0A3P8ZVH5 are exactly identical!
WARNING: Sequences A0A3P8ZVY5 and A0A6Q2Y715 are exactly identical!
WARNING: Sequences A0A3P8ZVY5 and A0A6Q2XLM6 are exactly identical!
WARNING: Sequences A0A3P8Y2J2 and A0A6Q2XZA4 are exactly identical!
WARNING: Sequences A0A671TND9 and A0A671TPX1 are exactly identical!
WARNING: Sequences A0A8C7JZN8 and A0A8C7JRY5 are exactly identical!
WARNING: Sequences A0A8C7JZN8 and A0A8C7JMF7 are exactly identical!
WARNING: Sequences A0A8C7JZN8 and A0A8C7MYZ5 are exactly identical!
WARNING: Sequences W5N6T3 and W5N6U1 are exactly identical!
WARNING: Sequences A0A4W4GZX6 and A0A4W4GVZ7 are exactly identical!
WARNING: Sequences A0A4W4GZX6 and A0A4W4H065 are exactly identical!
WARNING: Sequences A0A4W4GZX6 and A0A4W4GZQ4 are exactly identical!
WARNING: Sequences A0A4W4GZX6 and A0A4W4GW07 are exactly identical!
WARNING: Sequences A0A4W4GZX6 and A0A4W4GW37 are exactly identical!
WARNING: Sequences A0A4W4GZX6 and A0A4W4GT88 are exactly identical!
WARNING: Sequences A0A4W4GZX6 and A0A4W4GZA3 are exactly identical!
WARNING: Sequences H2LIX1 and A0A3B3HNW7 are exactly identical!
WARNING: Sequences A0A8C9S1Z9 and A0A8C9S218 are exactly identical!
WARNING: Sequences A0A8C9VB52 and A0A0P7XBT8 are exactly identical!
WARNING: Sequences A0A3P9HUT8 and H2MTX5 are exactly identical!
WARNING: Sequences A0A3P9HUT8 and A0A3P9JAE5 are exactly identical!
WARNING: Sequences A0A3P9L9X8 and A0A3P9L9J1 are exactly identical!
WARNING: Sequences Q6GN92 and Q3KPL4 are exactly identical!
WARNING: Sequences Q6GN92 and Q4V7Z3 are exactly identical!
WARNING: Sequences Q6GN92 and A0A1L8HHA8 are exactly identical!
WARNING: Sequences A0A8C5AKN0 and A0A8C5CSC5 are exactly identical!
WARNING: Sequences A0A8C5AKN0 and A0A8C5AA28 are exactly identical!
WARNING: Sequences A0A8C5AKN0 and A0A8C5BHP0 are exactly identical!
WARNING: Sequences A0A8C5AKN0 and A0A8C4Z3T2 are exactly identical!
WARNING: Sequences A0A8C5AKN0 and A0A8C5BH47 are exactly identical!
WARNING: Sequences A0A8C5AKN0 and A0A8C5ACB6 are exactly identical!
WARNING: Sequences A0A671Y698 and A0A671Y4D2 are exactly identical!
WARNING: Sequences A0A671Y698 and A0A671Y496 are exactly identical!
WARNING: Sequences A0A671Y698 and A0A671Y6A2 are exactly identical!
WARNING: Sequences A0A671Y698 and A0A671YA04 are exactly identical!
WARNING: Sequences A0A1I9G629 and A0A1I9G609 are exactly identical!
WARNING: Sequences A0A1I9G629 and A0A4E9FIB1 are exactly identical!
WARNING: Sequences A0A1I9G629 and A0A5S6P9F5 are exactly identical!
WARNING: Sequences A0A6P7LYR8 and A0A6P7LXQ7 are exactly identical!
WARNING: Sequences A0A4W3I0J5 and A0A4W3IN19 are exactly identical!
WARNING: Sequences A0A4W3I0J5 and A0A4W3INF1 are exactly identical!
WARNING: Sequences A0A4W3I0J5 and A0A4W3I0L0 are exactly identical!
WARNING: Sequences A0A4W3I0J5 and A0A4W3INV9 are exactly identical!
WARNING: Sequences A0A4W3I0J5 and A0A4W3I5Q9 are exactly identical!
WARNING: Sequences A0A8S3SIB6 and A0A8S3QCN4 are exactly identical!
WARNING: Sequences A0A8C4J8R3 and A0A7K9AQT6 are exactly identical!
WARNING: Sequences A0A8C6UKU3 and A0A8C6UJK4 are exactly identical!
WARNING: Sequences A0A8C6UKU3 and A0A8C6UE92 are exactly identical!
WARNING: Sequences A0A8C6UKU3 and A0A8C6UG84 are exactly identical!
WARNING: Sequences A0A8C6ULM7 and A0A8C6UHH7 are exactly identical!
WARNING: Sequences A0A673ARL6 and A0A673AW28 are exactly identical!
WARNING: Sequences A0A4W4ERM8 and A0A4W4EP96 are exactly identical!
WARNING: Sequences A0A267G1D3 and A0A1I8GLN0 are exactly identical!
WARNING: Sequences A0A7D9IU48 and A0A7D9IUI2 are exactly identical!
WARNING: Sequences A0A1S3IIA6 and A0A1S3HNS5 are exactly identical!
WARNING: Sequences A0A7E6ER30 and A0A6P7S7A7 are exactly identical!
WARNING: Sequences A0A7E6ER30 and A0A7E6EPH5 are exactly identical!
WARNING: Sequences A0A7I4NJW8 and A0A4E9F948 are exactly identical!
WARNING: Sequences A0A7I4NJW8 and A0A7I4K6K6 are exactly identical!
WARNING: Sequences A0A2G5D3X9 and A0A2G5D3X8 are exactly identical!
WARNING: Sequences A0A2G5D3X9 and A0A2G5D408 are exactly identical!
WARNING: Sequences A0A2G5CHD7 and A0A2G5CHB1 are exactly identical!
WARNING: Sequences A0A2G5CHD7 and A0A2G5CHA6 are exactly identical!
WARNING: Sequences A0A2G5CHD7 and A0A2G5CHD9 are exactly identical!
WARNING: Sequences A0A8S3TBT4 and A0A8S3R655 are exactly identical!
WARNING: Sequences A0A8S4QC54 and A0A8S4Q9N2 are exactly identical!
WARNING: Sequences A0A8S4QC54 and A0A8J1UW92 are exactly identical!
WARNING: Sequences A0A8S4QC54 and A0A8J1UTJ5 are exactly identical!
WARNING: Sequences A0A0G4IPB5 and A0A3P3YML5 are exactly identical!
WARNING: Sequences A0A4W3IXA9 and A0A4W3I8Z7 are exactly identical!
WARNING: Sequences A0A6P7S5R8 and A0A7E6EPK6 are exactly identical!
WARNING: Sequences A0A2R6W5B2 and A0A2R6W5A5 are exactly identical!
WARNING: Sequences A0A8S3RX09 and A0A8S3TPH7 are exactly identical!
WARNING: Sequences A0A6P7S5V1 and A0A6P7S7Y8 are exactly identical!
WARNING: Sequences A0A6P5A764 and A0A6P5AGC0 are exactly identical!
WARNING: Sequences A0A8B8F0Y1 and A0A8B8EZS9 are exactly identical!
WARNING: Sequences A0A8B8EIY1 and A0A8B8EFI5 are exactly identical!
WARNING: Sequences A0A6S7I8G6 and A0A7D9EQ06 are exactly identical!
WARNING: Sequences A0A8C6WWD6 and A0A8C6UK63 are exactly identical!
WARNING: Sequences A0A8J1Y4H8 and A0A8S4P0W5 are exactly identical!
WARNING: Sequences A0A8J1Y4H8 and A0A8J1XWW8 are exactly identical!
WARNING: Sequences A0A8T1URX7 and A0A329SX06 are exactly identical!
WARNING: Sequences A0A0A7CPE6 and A0A1V9YBP5 are exactly identical!
WARNING: Sequences A0A8T1IBV9 and A0A329S496 are exactly identical!
WARNING: Sequences A0A8T1UBG3 and A0A329RSP7 are exactly identical!
WARNING: Duplicate sequences found: 258

NOTE: Reduced alignment (with duplicates and gap-only sites/taxa removed) 
NOTE: was saved to: /Users/idamei/polyphenol-oxidases/data/proteome-tree/raxml/T4.raxml.reduced.phy

Alignment comprises 1 partitions and 214 patterns

Partition 0: noname
Model: JTT+G4m
Alignment sites / patterns: 214 / 214
Gaps: 9.91 %
Invariant sites: 0.00 %


NOTE: Binary MSA file created: data/proteome-tree/raxml/T4.raxml.rba

Parallelization scheme autoconfig: 7 worker(s) x 1 thread(s)

[00:00:00] Generating 10 random starting tree(s) with 1695 taxa
[00:00:00] Generating 10 parsimony starting tree(s) with 1695 taxa
Parallel parsimony with 7 threads
Parallel reduction/worker buffer size: 1 KB  / 0 KB

[00:00:01] Data distribution: max. partitions/sites/weight per thread: 1 / 214 / 17120
[00:00:01] Data distribution: max. searches per worker: 3

Starting ML tree search with 20 distinct starting trees

[00:00:02 -864850.547776] Initial branch length optimization
[00:00:11 -712750.625660] Model parameter optimization (eps = 10.000000)
[00:00:41 -710513.025307] AUTODETECT spr round 1 (radius: 5)
[00:01:42 -567979.385323] AUTODETECT spr round 2 (radius: 10)
[00:03:54 -490191.223879] AUTODETECT spr round 3 (radius: 15)
[00:07:20 -457485.571062] AUTODETECT spr round 4 (radius: 20)
[00:12:38 -420178.727044] AUTODETECT spr round 5 (radius: 25)
[00:19:07 -382917.833089] SPR radius for FAST iterations: 25 (autodetect)
[00:19:07 -382917.833089] Model parameter optimization (eps = 3.000000)
[00:19:42 -382605.284520] FAST spr round 1 (radius: 25)
[00:33:07 -334583.010005] FAST spr round 2 (radius: 25)
[00:40:37 -331843.579459] FAST spr round 3 (radius: 25)
[00:45:03 -331510.739497] FAST spr round 4 (radius: 25)
[00:47:57 -331450.762309] FAST spr round 5 (radius: 25)
[00:49:54 -331444.161853] Model parameter optimization (eps = 1.000000)
[00:50:02 -331439.517837] SLOW spr round 1 (radius: 5)
[00:52:40 -331349.490138] SLOW spr round 2 (radius: 5)
[00:54:58 -331335.993795] SLOW spr round 3 (radius: 5)
[00:57:00 -331334.700728] SLOW spr round 4 (radius: 10)
[00:58:56 -331326.187956] SLOW spr round 5 (radius: 15)
[01:04:55 -331326.184670] SLOW spr round 6 (radius: 20)
[01:13:41 -331323.599381] SLOW spr round 7 (radius: 25)
[01:26:22 -331323.561575] Model parameter optimization (eps = 0.100000)
[01:26:23] [worker #5] ML tree search #6, logLikelihood: -331263.875529

[01:26:32] [worker #0] ML tree search #1, logLikelihood: -331321.834988

[01:26:32 -862361.590095] Initial branch length optimization
[01:26:48 -711205.479344] Model parameter optimization (eps = 10.000000)
[01:27:14 -709056.862859] AUTODETECT spr round 1 (radius: 5)
[01:28:09 -576101.316161] AUTODETECT spr round 2 (radius: 10)
[01:30:06] [worker #1] ML tree search #2, logLikelihood: -331221.912219
[01:30:11 -493394.868428] AUTODETECT spr round 3 (radius: 15)
[01:30:20] [worker #2] ML tree search #3, logLikelihood: -331319.838918
[01:33:33 -453652.978193] AUTODETECT spr round 4 (radius: 20)
[01:36:37] [worker #3] ML tree search #4, logLikelihood: -331317.050048
[01:38:28 -407651.167577] AUTODETECT spr round 5 (radius: 25)
[01:38:45] [worker #4] ML tree search #5, logLikelihood: -331395.829479
[01:46:11 -382935.853255] SPR radius for FAST iterations: 25 (autodetect)
[01:46:11 -382935.853255] Model parameter optimization (eps = 3.000000)
[01:46:34 -382807.144883] FAST spr round 1 (radius: 25)
[01:48:38] [worker #6] ML tree search #7, logLikelihood: -331288.941346
[02:01:22 -335060.900430] FAST spr round 2 (radius: 25)
[02:09:46 -332077.414534] FAST spr round 3 (radius: 25)
[02:14:37 -331602.800637] FAST spr round 4 (radius: 25)
[02:17:52 -331558.655579] FAST spr round 5 (radius: 25)
[02:20:06 -331543.872952] FAST spr round 6 (radius: 25)
[02:21:43 -331539.061988] Model parameter optimization (eps = 1.000000)
[02:21:57 -331524.432951] SLOW spr round 1 (radius: 5)
[02:24:44 -331466.770278] SLOW spr round 2 (radius: 5)
[02:27:10 -331464.583382] SLOW spr round 3 (radius: 10)
[02:29:18 -331463.700063] SLOW spr round 4 (radius: 15)
[02:35:51 -331463.699343] SLOW spr round 5 (radius: 20)
[02:45:49 -331443.372461] SLOW spr round 6 (radius: 5)
[02:49:23 -331428.328331] SLOW spr round 7 (radius: 5)
[02:52:05 -331426.603085] SLOW spr round 8 (radius: 10)
[02:54:29 -331420.050653] SLOW spr round 9 (radius: 15)
[02:58:36] [worker #2] ML tree search #10, logLikelihood: -331206.082906
[03:00:36 -331420.050652] SLOW spr round 10 (radius: 20)
[03:07:41] [worker #1] ML tree search #9, logLikelihood: -331334.968591
[03:10:25 -331420.050652] SLOW spr round 11 (radius: 25)
[03:13:47] [worker #5] ML tree search #13, logLikelihood: -331236.437292
[03:23:14 -331420.050652] Model parameter optimization (eps = 0.100000)

[03:23:20] [worker #0] ML tree search #8, logLikelihood: -331419.684139

[03:23:20 -390907.060069] Initial branch length optimization
[03:23:29 -336356.844466] Model parameter optimization (eps = 10.000000)
[03:23:33 -336350.124458] AUTODETECT spr round 1 (radius: 5)
[03:24:20 -332720.209966] AUTODETECT spr round 2 (radius: 10)
[03:26:56 -331959.436196] AUTODETECT spr round 3 (radius: 15)
[03:27:23] [worker #4] ML tree search #12, logLikelihood: -330826.597161
[03:32:37] [worker #3] ML tree search #11, logLikelihood: -330951.644475
[03:32:44 -331906.286842] AUTODETECT spr round 4 (radius: 20)
[03:42:51 -331838.686991] AUTODETECT spr round 5 (radius: 25)
[03:54:20] [worker #6] ML tree search #14, logLikelihood: -331262.497438
[03:56:39 -331838.524416] SPR radius for FAST iterations: 25 (autodetect)
[03:56:39 -331838.524416] Model parameter optimization (eps = 3.000000)
[03:56:46 -331820.867359] FAST spr round 1 (radius: 25)
[04:13:36 -331108.724325] FAST spr round 2 (radius: 25)
[04:22:52 -331012.975648] FAST spr round 3 (radius: 25)
[04:27:52 -330994.439166] FAST spr round 4 (radius: 25)
[04:30:53 -330980.494994] FAST spr round 5 (radius: 25)
[04:32:50 -330980.460772] Model parameter optimization (eps = 1.000000)
[04:32:53 -330980.444542] SLOW spr round 1 (radius: 5)
[04:34:06] [worker #2] ML tree search #17, logLikelihood: -330900.855975
[04:35:25 -330899.584186] SLOW spr round 2 (radius: 5)
[04:37:31 -330885.429410] SLOW spr round 3 (radius: 5)
[04:39:23 -330882.765859] SLOW spr round 4 (radius: 10)
[04:41:10 -330878.408056] SLOW spr round 5 (radius: 15)
[04:46:51 -330877.913093] SLOW spr round 6 (radius: 20)
[04:55:19 -330877.907840] SLOW spr round 7 (radius: 25)
[05:07:35 -330877.907816] Model parameter optimization (eps = 0.100000)

[05:07:37] [worker #0] ML tree search #15, logLikelihood: -330877.856482

[05:08:06] [worker #5] ML tree search #20, logLikelihood: -330930.944557
[05:21:55] [worker #3] ML tree search #18, logLikelihood: -330884.952083
[05:26:13] [worker #4] ML tree search #19, logLikelihood: -331296.571558
[05:37:55] [worker #1] ML tree search #16, logLikelihood: -330894.725749

Optimized model parameters:

   Partition 0: noname
   Rate heterogeneity: GAMMA (4 cats, mean),  alpha: 1.139302 (ML),  weights&rates: (0.250000,0.163881) (0.250000,0.514960) (0.250000,1.019727) (0.250000,2.301431) 
   Base frequencies (model): 0.076748 0.051691 0.042645 0.051544 0.019803 0.040752 0.061830 0.073152 0.022944 0.053761 0.091904 0.058676 0.023826 0.040126 0.050901 0.068765 0.058565 0.014261 0.032102 0.066005 
   Substitution rates (model): 58.000000 54.000000 81.000000 56.000000 57.000000 105.000000 179.000000 27.000000 36.000000 30.000000 35.000000 54.000000 15.000000 194.000000 378.000000 475.000000 9.000000 11.000000 298.000000 45.000000 16.000000 113.000000 310.000000 29.000000 137.000000 328.000000 22.000000 38.000000 646.000000 44.000000 5.000000 74.000000 101.000000 64.000000 126.000000 20.000000 17.000000 528.000000 34.000000 86.000000 58.000000 81.000000 391.000000 47.000000 12.000000 263.000000 30.000000 10.000000 15.000000 503.000000 232.000000 8.000000 70.000000 16.000000 10.000000 49.000000 767.000000 130.000000 112.000000 11.000000 7.000000 26.000000 15.000000 4.000000 15.000000 59.000000 38.000000 4.000000 46.000000 31.000000 9.000000 5.000000 59.000000 69.000000 17.000000 23.000000 7.000000 31.000000 78.000000 14.000000 223.000000 42.000000 115.000000 209.000000 62.000000 323.000000 26.000000 597.000000 9.000000 72.000000 292.000000 43.000000 4.000000 164.000000 53.000000 51.000000 18.000000 24.000000 20.000000 119.000000 26.000000 12.000000 9.000000 181.000000 18.000000 5.000000 18.000000 30.000000 32.000000 10.000000 7.000000 45.000000 23.000000 6.000000 6.000000 27.000000 14.000000 5.000000 24.000000 201.000000 33.000000 55.000000 8.000000 47.000000 16.000000 56.000000 45.000000 33.000000 40.000000 115.000000 73.000000 46.000000 8.000000 573.000000 11.000000 229.000000 21.000000 479.000000 89.000000 10.000000 40.000000 245.000000 9.000000 32.000000 961.000000 14.000000 388.000000 248.000000 102.000000 59.000000 25.000000 52.000000 24.000000 180.000000 65.000000 4.000000 21.000000 47.000000 103.000000 10.000000 8.000000 14.000000 43.000000 16.000000 29.000000 226.000000 24.000000 18.000000 323.000000 17.000000 92.000000 12.000000 53.000000 536.000000 62.000000 285.000000 118.000000 6.000000 10.000000 23.000000 477.000000 35.000000 63.000000 38.000000 12.000000 21.000000 112.000000 71.000000 25.000000 16.000000 


Final LogLikelihood: -330826.597161

AIC score: 668429.194323 / AICc score: 23632293.194323 / BIC score: 679833.121062
Free parameters (model + branch lengths): 3388

WARNING: Number of free parameters (K=3388) is larger than alignment size (n=214).
         This might lead to overfitting and compromise tree inference results!


WARNING: Best ML tree contains 198 near-zero branches!

Best ML tree with collapsed near-zero branches saved to: /Users/idamei/polyphenol-oxidases/data/proteome-tree/raxml/T4.raxml.bestTreeCollapsed
Best ML tree saved to: /Users/idamei/polyphenol-oxidases/data/proteome-tree/raxml/T4.raxml.bestTree
All ML trees saved to: /Users/idamei/polyphenol-oxidases/data/proteome-tree/raxml/T4.raxml.mlTrees
Optimized model saved to: /Users/idamei/polyphenol-oxidases/data/proteome-tree/raxml/T4.raxml.bestModel

Execution log saved to: /Users/idamei/polyphenol-oxidases/data/proteome-tree/raxml/T4.raxml.log

Analysis started: 04-Mar-2024 10:46:44 / finished: 04-Mar-2024 16:24:40

Elapsed time: 20275.914 seconds

