
RAxML-NG v. 1.2.1 released on 22.12.2023 by The Exelixis Lab.
Developed by: Alexey M. Kozlov and Alexandros Stamatakis.
Contributors: Diego Darriba, Tomas Flouri, Benoit Morel, Sarah Lutteropp, Ben Bettisworth, Julia Haag, Anastasis Togkousidis.
Latest version: https://github.com/amkozlov/raxml-ng
Questions/problems/suggestions? Please visit: https://groups.google.com/forum/#!forum/raxml

System: Apple M1 Pro, 8 cores, 16 GB RAM

RAxML-NG was called at 07-Mar-2024 15:03:17 as follows:

raxml-ng --msa data/proteome-tree/fungal-one_proteome_per_order.hmmalign-evenshorter.fa --model JTT+G4 --prefix data/proteome-tree/raxml/T5 --threads 7 --seed 2 --blopt nr_safe

Analysis options:
  run mode: ML tree search
  start tree(s): random (10) + parsimony (10)
  random seed: 2
  tip-inner: OFF
  pattern compression: ON
  per-rate scalers: OFF
  site repeats: ON
  logLH epsilon: general: 10.000000, brlen-triplet: 1000.000000
  fast spr radius: AUTO
  spr subtree cutoff: 1.000000
  fast CLV updates: ON
  branch lengths: proportional (ML estimate, algorithm: NR-SAFE)
  SIMD kernels: SSE3
  parallelization: coarse-grained (auto), PTHREADS (7 threads), thread pinning: OFF

[00:00:00] Reading alignment from file: data/proteome-tree/fungal-one_proteome_per_order.hmmalign-evenshorter.fa
[00:00:00] Loaded alignment with 548 taxa and 214 sites

WARNING: Sequences A0A166CLK7 and A0A166F1S8 are exactly identical!
WARNING: Sequences A0A1V8SV31 and A0A1V8T1G2 are exactly identical!
WARNING: Sequences A0A5B0PDE5 and A0A5B0M872 are exactly identical!
WARNING: Sequences A0A0L0SY24 and A0A0L0S6J0 are exactly identical!
WARNING: Sequences A0A0C9SRH3 and A0A0C9SL04 are exactly identical!
WARNING: Duplicate sequences found: 5

NOTE: Reduced alignment (with duplicates and gap-only sites/taxa removed) 
NOTE: was saved to: /Users/idamei/polyphenol-oxidases/data/proteome-tree/raxml/T5.raxml.reduced.phy

Alignment comprises 1 partitions and 214 patterns

Partition 0: noname
Model: JTT+G4m
Alignment sites / patterns: 214 / 214
Gaps: 10.61 %
Invariant sites: 0.47 %


NOTE: Binary MSA file created: data/proteome-tree/raxml/T5.raxml.rba

Parallelization scheme autoconfig: 7 worker(s) x 1 thread(s)

[00:00:00] Generating 10 random starting tree(s) with 548 taxa
[00:00:00] Generating 10 parsimony starting tree(s) with 548 taxa
Parallel parsimony with 7 threads
Parallel reduction/worker buffer size: 1 KB  / 0 KB

[00:00:00] Data distribution: max. partitions/sites/weight per thread: 1 / 214 / 17120
[00:00:00] Data distribution: max. searches per worker: 3

Starting ML tree search with 20 distinct starting trees

[00:00:00 -270029.910303] Initial branch length optimization

RAxML-NG v. 1.2.1 released on 22.12.2023 by The Exelixis Lab.
Developed by: Alexey M. Kozlov and Alexandros Stamatakis.
Contributors: Diego Darriba, Tomas Flouri, Benoit Morel, Sarah Lutteropp, Ben Bettisworth, Julia Haag, Anastasis Togkousidis.
Latest version: https://github.com/amkozlov/raxml-ng
Questions/problems/suggestions? Please visit: https://groups.google.com/forum/#!forum/raxml

System: Apple M1 Pro, 8 cores, 16 GB RAM

RAxML-NG was called at 07-Mar-2024 15:03:33 as follows:

raxml-ng --msa data/proteome-tree/fungal-one_proteome_per_order.hmmalign-evenshorter.fa --model JTT+G4 --prefix data/proteome-tree/raxml/T5 --threads 7 --seed 2

Analysis options:
  run mode: ML tree search
  start tree(s): random (10) + parsimony (10)
  random seed: 2
  tip-inner: OFF
  pattern compression: ON
  per-rate scalers: OFF
  site repeats: ON
  logLH epsilon: general: 10.000000, brlen-triplet: 1000.000000
  fast spr radius: AUTO
  spr subtree cutoff: 1.000000
  fast CLV updates: ON
  branch lengths: proportional (ML estimate, algorithm: NR-FAST)
  SIMD kernels: SSE3
  parallelization: coarse-grained (auto), PTHREADS (7 threads), thread pinning: OFF

WARNING: The model you specified on the command line (JTT+G4) will be ignored 
         since the binary MSA file already contains a model definition.
         If you want to change the model, please re-run RAxML-NG 
         with the original PHYLIP/FASTA alignment and --redo option.

[00:00:00] Loading binary alignment from file: data/proteome-tree/raxml/T5.raxml.rba
[00:00:00] Alignment comprises 548 taxa, 1 partitions and 214 patterns

Partition 0: noname
Model: JTT+G4m
Alignment sites / patterns: 214 / 214
Gaps: 10.61 %
Invariant sites: 0.47 %


Parallelization scheme autoconfig: 7 worker(s) x 1 thread(s)

Parallel reduction/worker buffer size: 1 KB  / 0 KB

[00:00:00] NOTE: Resuming execution from checkpoint (logLH: -270029.91, ML trees: 0, bootstraps: 0)
[00:00:00] Data distribution: max. partitions/sites/weight per thread: 1 / 214 / 17120
[00:00:00] Data distribution: max. searches per worker: 3

Starting ML tree search with 20 distinct starting trees

[00:00:00 -270029.910303] Initial branch length optimization
[00:00:02 -230000.655090] Model parameter optimization (eps = 10.000000)
[00:00:06 -229818.389208] AUTODETECT spr round 1 (radius: 5)
[00:00:22 -205446.471359] AUTODETECT spr round 2 (radius: 10)
[00:01:11 -183700.229053] AUTODETECT spr round 3 (radius: 15)
[00:02:35 -174701.397709] AUTODETECT spr round 4 (radius: 20)
[00:04:08 -173187.928410] AUTODETECT spr round 5 (radius: 25)
[00:05:58 -172732.182398] SPR radius for FAST iterations: 25 (autodetect)
[00:05:58 -172732.182398] Model parameter optimization (eps = 3.000000)
[00:06:05 -172603.238709] FAST spr round 1 (radius: 25)
[00:09:05 -166094.329757] FAST spr round 2 (radius: 25)
[00:10:43 -165861.856222] FAST spr round 3 (radius: 25)
[00:11:46 -165799.638430] FAST spr round 4 (radius: 25)
[00:12:29 -165785.273073] FAST spr round 5 (radius: 25)
[00:13:03 -165780.336105] Model parameter optimization (eps = 1.000000)
[00:13:06 -165775.695279] SLOW spr round 1 (radius: 5)
[00:14:03 -165746.243046] SLOW spr round 2 (radius: 5)
[00:14:48 -165742.916029] SLOW spr round 3 (radius: 10)
[00:15:28 -165735.948377] SLOW spr round 4 (radius: 15)
[00:17:20 -165735.937600] SLOW spr round 5 (radius: 20)
[00:19:33 -165735.937558] SLOW spr round 6 (radius: 25)
[00:21:24] [worker #4] ML tree search #5, logLikelihood: -165742.631764
[00:22:02 -165735.937554] Model parameter optimization (eps = 0.100000)

[00:22:05] [worker #0] ML tree search #1, logLikelihood: -165735.783115

[00:22:05 -270189.989447] Initial branch length optimization
[00:22:08 -229721.145152] Model parameter optimization (eps = 10.000000)
[00:22:13 -229537.357074] AUTODETECT spr round 1 (radius: 5)
[00:22:34 -206073.881078] AUTODETECT spr round 2 (radius: 10)
[00:22:47] [worker #1] ML tree search #2, logLikelihood: -165818.856255
[00:22:54] [worker #3] ML tree search #4, logLikelihood: -165779.944286
[00:23:18] [worker #5] ML tree search #6, logLikelihood: -165761.740042
[00:23:33 -181111.340706] AUTODETECT spr round 3 (radius: 15)
[00:24:55 -174665.423093] AUTODETECT spr round 4 (radius: 20)
[00:24:58] [worker #2] ML tree search #3, logLikelihood: -165531.277532
[00:25:46] [worker #6] ML tree search #7, logLikelihood: -165751.642871
[00:26:31 -173342.290002] AUTODETECT spr round 5 (radius: 25)
[00:28:12 -173099.945213] SPR radius for FAST iterations: 25 (autodetect)
[00:28:12 -173099.945213] Model parameter optimization (eps = 3.000000)
[00:28:22 -173026.240938] FAST spr round 1 (radius: 25)
[01:19:07 -166180.364658] FAST spr round 2 (radius: 25)
[03:33:27 -165800.832643] FAST spr round 3 (radius: 25)
[04:50:54 -165768.200029] FAST spr round 4 (radius: 25)
[04:51:41 -165764.239671] Model parameter optimization (eps = 1.000000)
[04:51:43 -165756.159489] SLOW spr round 1 (radius: 5)
[04:52:45 -165720.574706] SLOW spr round 2 (radius: 5)
[04:53:34 -165713.138489] SLOW spr round 3 (radius: 10)
[04:54:18 -165705.820099] SLOW spr round 4 (radius: 15)
[04:56:07 -165705.806308] SLOW spr round 5 (radius: 20)
[04:58:13] [worker #4] ML tree search #12, logLikelihood: -165549.891412
[04:58:27 -165705.806248] SLOW spr round 6 (radius: 25)
[05:00:38] [worker #5] ML tree search #13, logLikelihood: -165555.329165
[05:00:42 -165705.806248] Model parameter optimization (eps = 0.100000)

[05:00:43] [worker #0] ML tree search #8, logLikelihood: -165705.805517

[05:00:43 -180354.218566] Initial branch length optimization
[05:00:45 -168524.635286] Model parameter optimization (eps = 10.000000)
[05:00:48 -168495.667159] AUTODETECT spr round 1 (radius: 5)
[05:00:49] [worker #3] ML tree search #11, logLikelihood: -165553.291218
[05:01:07 -166445.498673] AUTODETECT spr round 2 (radius: 10)
[05:01:51] [worker #2] ML tree search #10, logLikelihood: -165796.091953
[05:02:10 -166079.714762] AUTODETECT spr round 3 (radius: 15)
[05:04:23 -166017.961663] AUTODETECT spr round 4 (radius: 20)
[05:04:25] [worker #1] ML tree search #9, logLikelihood: -165751.725749
[05:06:04] [worker #6] ML tree search #14, logLikelihood: -165560.441842
[05:06:56 -166017.800282] AUTODETECT spr round 5 (radius: 25)
[05:09:08 -166017.781601] SPR radius for FAST iterations: 20 (autodetect)
[05:09:08 -166017.781601] Model parameter optimization (eps = 3.000000)
[05:09:09 -166017.068995] FAST spr round 1 (radius: 20)
[05:11:48 -165686.668997] FAST spr round 2 (radius: 20)
[05:13:24 -165628.677305] FAST spr round 3 (radius: 20)
[05:14:24 -165611.072402] FAST spr round 4 (radius: 20)
[05:15:08 -165607.879919] Model parameter optimization (eps = 1.000000)
[05:15:09 -165607.717216] SLOW spr round 1 (radius: 5)
[05:16:10 -165563.672793] SLOW spr round 2 (radius: 5)
[05:17:00 -165557.123896] SLOW spr round 3 (radius: 10)
[05:17:44 -165557.123754] SLOW spr round 4 (radius: 15)
[05:19:44 -165557.123747] SLOW spr round 5 (radius: 20)
[05:19:58] [worker #4] ML tree search #19, logLikelihood: -165517.347467
[05:22:05] [worker #3] ML tree search #18, logLikelihood: -165541.376398
[05:22:20 -165548.144695] SLOW spr round 6 (radius: 25)
[05:22:29] [worker #5] ML tree search #20, logLikelihood: -165560.377924
[05:22:48] [worker #2] ML tree search #17, logLikelihood: -165512.954429
[05:24:57 -165548.121479] Model parameter optimization (eps = 0.100000)

[05:24:59] [worker #0] ML tree search #15, logLikelihood: -165547.891543

[05:28:34] [worker #1] ML tree search #16, logLikelihood: -165508.015118

Optimized model parameters:

   Partition 0: noname
   Rate heterogeneity: GAMMA (4 cats, mean),  alpha: 1.125077 (ML),  weights&rates: (0.250000,0.161213) (0.250000,0.511368) (0.250000,1.017985) (0.250000,2.309433) 
   Base frequencies (model): 0.076748 0.051691 0.042645 0.051544 0.019803 0.040752 0.061830 0.073152 0.022944 0.053761 0.091904 0.058676 0.023826 0.040126 0.050901 0.068765 0.058565 0.014261 0.032102 0.066005 
   Substitution rates (model): 58.000000 54.000000 81.000000 56.000000 57.000000 105.000000 179.000000 27.000000 36.000000 30.000000 35.000000 54.000000 15.000000 194.000000 378.000000 475.000000 9.000000 11.000000 298.000000 45.000000 16.000000 113.000000 310.000000 29.000000 137.000000 328.000000 22.000000 38.000000 646.000000 44.000000 5.000000 74.000000 101.000000 64.000000 126.000000 20.000000 17.000000 528.000000 34.000000 86.000000 58.000000 81.000000 391.000000 47.000000 12.000000 263.000000 30.000000 10.000000 15.000000 503.000000 232.000000 8.000000 70.000000 16.000000 10.000000 49.000000 767.000000 130.000000 112.000000 11.000000 7.000000 26.000000 15.000000 4.000000 15.000000 59.000000 38.000000 4.000000 46.000000 31.000000 9.000000 5.000000 59.000000 69.000000 17.000000 23.000000 7.000000 31.000000 78.000000 14.000000 223.000000 42.000000 115.000000 209.000000 62.000000 323.000000 26.000000 597.000000 9.000000 72.000000 292.000000 43.000000 4.000000 164.000000 53.000000 51.000000 18.000000 24.000000 20.000000 119.000000 26.000000 12.000000 9.000000 181.000000 18.000000 5.000000 18.000000 30.000000 32.000000 10.000000 7.000000 45.000000 23.000000 6.000000 6.000000 27.000000 14.000000 5.000000 24.000000 201.000000 33.000000 55.000000 8.000000 47.000000 16.000000 56.000000 45.000000 33.000000 40.000000 115.000000 73.000000 46.000000 8.000000 573.000000 11.000000 229.000000 21.000000 479.000000 89.000000 10.000000 40.000000 245.000000 9.000000 32.000000 961.000000 14.000000 388.000000 248.000000 102.000000 59.000000 25.000000 52.000000 24.000000 180.000000 65.000000 4.000000 21.000000 47.000000 103.000000 10.000000 8.000000 14.000000 43.000000 16.000000 29.000000 226.000000 24.000000 18.000000 323.000000 17.000000 92.000000 12.000000 53.000000 536.000000 62.000000 285.000000 118.000000 6.000000 10.000000 23.000000 477.000000 35.000000 63.000000 38.000000 12.000000 21.000000 112.000000 71.000000 25.000000 16.000000 


Final LogLikelihood: -165508.015118

AIC score: 333204.030235 / AICc score: 2729064.030235 / BIC score: 336886.407996
Free parameters (model + branch lengths): 1094

WARNING: Number of free parameters (K=1094) is larger than alignment size (n=214).
         This might lead to overfitting and compromise tree inference results!


WARNING: Best ML tree contains 1 near-zero branches!

Best ML tree with collapsed near-zero branches saved to: /Users/idamei/polyphenol-oxidases/data/proteome-tree/raxml/T5.raxml.bestTreeCollapsed
Best ML tree saved to: /Users/idamei/polyphenol-oxidases/data/proteome-tree/raxml/T5.raxml.bestTree
All ML trees saved to: /Users/idamei/polyphenol-oxidases/data/proteome-tree/raxml/T5.raxml.mlTrees
Optimized model saved to: /Users/idamei/polyphenol-oxidases/data/proteome-tree/raxml/T5.raxml.bestModel

Execution log saved to: /Users/idamei/polyphenol-oxidases/data/proteome-tree/raxml/T5.raxml.log

Analysis started: 07-Mar-2024 15:03:33 / finished: 07-Mar-2024 20:32:07

Elapsed time: 19714.244 seconds (this run) / 19714.526 seconds (total with restarts)

