
RAxML-NG v. 1.2.1 released on 22.12.2023 by The Exelixis Lab.
Developed by: Alexey M. Kozlov and Alexandros Stamatakis.
Contributors: Diego Darriba, Tomas Flouri, Benoit Morel, Sarah Lutteropp, Ben Bettisworth, Julia Haag, Anastasis Togkousidis.
Latest version: https://github.com/amkozlov/raxml-ng
Questions/problems/suggestions? Please visit: https://groups.google.com/forum/#!forum/raxml

System: Apple M1 Pro, 8 cores, 16 GB RAM

RAxML-NG was called at 12-Mar-2024 15:29:08 as follows:

raxml-ng --msa data/proteome-tree/all-one_proteome_per_class.hmmalign.fa --model JTT+G4 --prefix data/proteome-tree/raxml/T7 --threads 7 --seed 2 --all --bs-trees 100

Analysis options:
  run mode: ML tree search + bootstrapping (Felsenstein Bootstrap)
  start tree(s): random (10) + parsimony (10)
  bootstrap replicates: parsimony (100)
  random seed: 2
  tip-inner: OFF
  pattern compression: ON
  per-rate scalers: OFF
  site repeats: ON
  logLH epsilon: general: 10.000000, brlen-triplet: 1000.000000
  fast spr radius: AUTO
  spr subtree cutoff: 1.000000
  fast CLV updates: ON
  branch lengths: proportional (ML estimate, algorithm: NR-FAST)
  SIMD kernels: SSE3
  parallelization: coarse-grained (auto), PTHREADS (7 threads), thread pinning: OFF

[00:00:00] Reading alignment from file: data/proteome-tree/all-one_proteome_per_class.hmmalign.fa
[00:00:00] Loaded alignment with 538 taxa and 214 sites

WARNING: Sequences A0A4W3ISZ4 and A0A4W3J2R9 are exactly identical!
WARNING: Sequences A0A4W3ISZ4 and A0A4W3ISX3 are exactly identical!
WARNING: Sequences A0A4W3ISZ4 and A0A4W3JJW4 are exactly identical!
WARNING: Sequences A0A4W3ISZ4 and A0A4W3JJY3 are exactly identical!
WARNING: Sequences A0A4W3ISZ4 and A0A4W3IPU9 are exactly identical!
WARNING: Sequences A0A4W3ISZ4 and A0A4W3JK65 are exactly identical!
WARNING: Sequences A0A4W3ISZ4 and A0A4W3J2P3 are exactly identical!
WARNING: Sequences A9SUP1 and Q56N25 are exactly identical!
WARNING: Sequences A0A0X3Q9U6 and A0A183TCN8 are exactly identical!
WARNING: Sequences A0A8C4QC18 and A0A8C4QBR2 are exactly identical!
WARNING: Sequences A0A8B8EYB2 and A0A8B8EX42 are exactly identical!
WARNING: Sequences A0A7I3ZAZ7 and A0A2K1JC20 are exactly identical!
WARNING: Sequences A0A5B0PDE5 and A0A5B0M872 are exactly identical!
WARNING: Sequences A9U439 and A0A2K1IZ55 are exactly identical!
WARNING: Sequences A0A0I9N9E9 and A0A4E9FH29 are exactly identical!
WARNING: Sequences A0A7I4A3E3 and A0A2K1J0S4 are exactly identical!
WARNING: Sequences A0A4S2LBG9 and A0A4S2LJ85 are exactly identical!
WARNING: Sequences B1H1U5 and A0A8J0VPY8 are exactly identical!
WARNING: Sequences A9U514 and A0A2K1K363 are exactly identical!
WARNING: Sequences A0A8B8EX72 and A0A8B8EY98 are exactly identical!
WARNING: Sequences A0A0J9YBJ2 and A0A4E9F741 are exactly identical!
WARNING: Sequences A0A0J9YBJ2 and A0A8L7T7J8 are exactly identical!
WARNING: Sequences A0A378U9W3 and A0A0N7H8Q0 are exactly identical!
WARNING: Sequences A0A2T9KBT8 and A0A2T9JKS7 are exactly identical!
WARNING: Sequences A0A0L0SY24 and A0A0L0S6J0 are exactly identical!
WARNING: Sequences A0A2R6X3H0 and A0A2R6X3F7 are exactly identical!
WARNING: Sequences A0A4S2LES6 and A0A4S2LF11 are exactly identical!
WARNING: Sequences A0A4W3ICV8 and A0A4W3IEG1 are exactly identical!
WARNING: Sequences A0A4W3ICV8 and A0A4W3I926 are exactly identical!
WARNING: Sequences A0A4W3ICV8 and A0A4W3I5I7 are exactly identical!
WARNING: Sequences A0A4W3ICV8 and A0A4W3I954 are exactly identical!
WARNING: Sequences A0A4W3ICV8 and A0A4W3I973 are exactly identical!
WARNING: Sequences A0A2R6X796 and A0A2R6X7A4 are exactly identical!
WARNING: Sequences A0A2R6X796 and A0A2R6WNN9 are exactly identical!
WARNING: Sequences Q6GN92 and Q3KPL4 are exactly identical!
WARNING: Sequences Q6GN92 and Q4V7Z3 are exactly identical!
WARNING: Sequences Q6GN92 and A0A1L8HHA8 are exactly identical!
WARNING: Sequences A0A1I9G629 and A0A1I9G609 are exactly identical!
WARNING: Sequences A0A1I9G629 and A0A4E9FIB1 are exactly identical!
WARNING: Sequences A0A1I9G629 and A0A5S6P9F5 are exactly identical!
WARNING: Sequences A0A6P7LYR8 and A0A6P7LXQ7 are exactly identical!
WARNING: Sequences A0A4W3I0J5 and A0A4W3IN19 are exactly identical!
WARNING: Sequences A0A4W3I0J5 and A0A4W3INF1 are exactly identical!
WARNING: Sequences A0A4W3I0J5 and A0A4W3I0L0 are exactly identical!
WARNING: Sequences A0A4W3I0J5 and A0A4W3INV9 are exactly identical!
WARNING: Sequences A0A4W3I0J5 and A0A4W3I5Q9 are exactly identical!
WARNING: Sequences A0A267G1D3 and A0A1I8GLN0 are exactly identical!
WARNING: Sequences A0A1S3IIA6 and A0A1S3HNS5 are exactly identical!
WARNING: Sequences A0A7E6ER30 and A0A6P7S7A7 are exactly identical!
WARNING: Sequences A0A7E6ER30 and A0A7E6EPH5 are exactly identical!
WARNING: Sequences A0A7I4NJW8 and A0A4E9F948 are exactly identical!
WARNING: Sequences A0A7I4NJW8 and A0A7I4K6K6 are exactly identical!
WARNING: Sequences A0A0G4IPB5 and A0A3P3YML5 are exactly identical!
WARNING: Sequences A0A4W3IXA9 and A0A4W3I8Z7 are exactly identical!
WARNING: Sequences A0A6P7S5R8 and A0A7E6EPK6 are exactly identical!
WARNING: Sequences A0A2R6W5B2 and A0A2R6W5A5 are exactly identical!
WARNING: Sequences A0A6P7S5V1 and A0A6P7S7Y8 are exactly identical!
WARNING: Sequences A0A6P5A764 and A0A6P5AGC0 are exactly identical!
WARNING: Sequences A0A8B8F0Y1 and A0A8B8EZS9 are exactly identical!
WARNING: Sequences A0A8B8EIY1 and A0A8B8EFI5 are exactly identical!
WARNING: Duplicate sequences found: 60

NOTE: Reduced alignment (with duplicates and gap-only sites/taxa removed) 
NOTE: was saved to: /Users/idamei/polyphenol-oxidases/data/proteome-tree/raxml/T7.raxml.reduced.phy

Alignment comprises 1 partitions and 214 patterns

Partition 0: noname
Model: JTT+G4m
Alignment sites / patterns: 214 / 214
Gaps: 11.98 %
Invariant sites: 0.00 %


NOTE: Binary MSA file created: data/proteome-tree/raxml/T7.raxml.rba

Parallelization scheme autoconfig: 7 worker(s) x 1 thread(s)

[00:00:00] Generating 10 random starting tree(s) with 538 taxa
[00:00:00] Generating 10 parsimony starting tree(s) with 538 taxa
Parallel parsimony with 7 threads
Parallel reduction/worker buffer size: 1 KB  / 0 KB

[00:00:00] Data distribution: max. partitions/sites/weight per thread: 1 / 214 / 17120
[00:00:00] Data distribution: max. searches per worker: 18

Starting ML tree search with 20 distinct starting trees

[00:19:20] [worker #0] ML tree search #1, logLikelihood: -138532.902430
[00:21:05] [worker #5] ML tree search #6, logLikelihood: -138507.368246
[00:21:21] [worker #2] ML tree search #3, logLikelihood: -138526.244493
[00:21:41] [worker #6] ML tree search #7, logLikelihood: -138533.444285
[00:21:54] [worker #4] ML tree search #5, logLikelihood: -138535.514185
[00:21:59] [worker #1] ML tree search #2, logLikelihood: -138524.270090
[00:22:22] [worker #3] ML tree search #4, logLikelihood: -138486.326144
[00:39:44] [worker #0] ML tree search #8, logLikelihood: -138524.016755
[00:40:52] [worker #2] ML tree search #10, logLikelihood: -138505.454312
[00:43:33] [worker #3] ML tree search #11, logLikelihood: -138419.562337
[00:44:24] [worker #4] ML tree search #12, logLikelihood: -138394.147802
[00:44:25] [worker #1] ML tree search #9, logLikelihood: -138496.897953
[00:45:08] [worker #6] ML tree search #14, logLikelihood: -138391.162925
[00:45:42] [worker #5] ML tree search #13, logLikelihood: -138417.243972
[00:57:58] [worker #0] ML tree search #15, logLikelihood: -138443.984028
[01:02:08] [worker #2] ML tree search #17, logLikelihood: -138443.002099
[01:05:01] [worker #1] ML tree search #16, logLikelihood: -138445.834655
[01:05:52] [worker #3] ML tree search #18, logLikelihood: -138433.654445
[01:07:00] [worker #5] ML tree search #20, logLikelihood: -138421.547363
[01:07:16] [worker #4] ML tree search #19, logLikelihood: -138408.143618

[01:07:16] ML tree search completed, best tree logLH: -138391.162925

[01:07:16] Starting bootstrapping analysis with 100 replicates.

[01:19:11] [worker #0] Bootstrap tree #1, logLikelihood: -132330.417345
[01:20:17] [worker #6] Bootstrap tree #7, logLikelihood: -139346.116725
[01:20:32] [worker #5] Bootstrap tree #6, logLikelihood: -132413.504551
[01:21:02] [worker #1] Bootstrap tree #2, logLikelihood: -141279.709370
[01:21:20] [worker #4] Bootstrap tree #5, logLikelihood: -144652.471232
[01:22:40] [worker #3] Bootstrap tree #4, logLikelihood: -140741.743629
[01:23:25] [worker #2] Bootstrap tree #3, logLikelihood: -135231.274997
[01:32:16] [worker #0] Bootstrap tree #8, logLikelihood: -129857.040432
[01:32:51] [worker #4] Bootstrap tree #12, logLikelihood: -133627.469711
[01:33:14] [worker #5] Bootstrap tree #13, logLikelihood: -138643.718842
[01:34:20] [worker #1] Bootstrap tree #9, logLikelihood: -129259.714903
[01:35:03] [worker #6] Bootstrap tree #14, logLikelihood: -136523.168816
[01:36:07] [worker #3] Bootstrap tree #11, logLikelihood: -145821.197273
[01:39:11] [worker #2] Bootstrap tree #10, logLikelihood: -145948.154163
[01:44:47] [worker #4] Bootstrap tree #19, logLikelihood: -137616.548491
[01:46:08] [worker #0] Bootstrap tree #15, logLikelihood: -131097.601232
[01:46:22] [worker #5] Bootstrap tree #20, logLikelihood: -136176.591620
[01:48:04] [worker #1] Bootstrap tree #16, logLikelihood: -141208.689174
[01:48:33] [worker #6] Bootstrap tree #21, logLikelihood: -141245.566437
[01:49:29] [worker #3] Bootstrap tree #18, logLikelihood: -129058.264850
[01:52:19] [worker #2] Bootstrap tree #17, logLikelihood: -132008.943582
[01:58:43] [worker #4] Bootstrap tree #26, logLikelihood: -136466.366365
[01:59:56] [worker #5] Bootstrap tree #27, logLikelihood: -141512.440257
[02:01:08] [worker #0] Bootstrap tree #22, logLikelihood: -132457.084997
[02:01:34] [worker #3] Bootstrap tree #25, logLikelihood: -141605.173772
[02:02:31] [worker #6] Bootstrap tree #28, logLikelihood: -141435.120290
[02:03:51] [worker #1] Bootstrap tree #23, logLikelihood: -137911.206559
[02:05:44] [worker #2] Bootstrap tree #24, logLikelihood: -127595.483329
[02:12:00] [worker #4] Bootstrap tree #33, logLikelihood: -137813.416837
[02:13:41] [worker #5] Bootstrap tree #34, logLikelihood: -140705.065575
[02:14:57] [worker #0] Bootstrap tree #29, logLikelihood: -133861.941765
[02:15:09] [worker #6] Bootstrap tree #35, logLikelihood: -136573.605066
[02:15:44] [worker #3] Bootstrap tree #32, logLikelihood: -136690.153619
[02:17:38] [worker #1] Bootstrap tree #30, logLikelihood: -135024.478969
[02:19:41] [worker #2] Bootstrap tree #31, logLikelihood: -130043.957617
[02:25:40] [worker #4] Bootstrap tree #40, logLikelihood: -139357.774576
[02:27:12] [worker #5] Bootstrap tree #41, logLikelihood: -133769.826721
[02:29:21] [worker #3] Bootstrap tree #39, logLikelihood: -138695.096993
[02:29:56] [worker #6] Bootstrap tree #42, logLikelihood: -134653.300591
[02:31:29] [worker #0] Bootstrap tree #36, logLikelihood: -139826.959192
[02:32:38] [worker #2] Bootstrap tree #38, logLikelihood: -135247.240866
[02:33:33] [worker #1] Bootstrap tree #37, logLikelihood: -138177.756351
[02:40:30] [worker #4] Bootstrap tree #47, logLikelihood: -143726.149550
[02:40:46] [worker #3] Bootstrap tree #46, logLikelihood: -135884.891083
[02:41:08] [worker #5] Bootstrap tree #48, logLikelihood: -134973.880779
[02:45:02] [worker #0] Bootstrap tree #43, logLikelihood: -141516.954659
[02:45:53] [worker #6] Bootstrap tree #49, logLikelihood: -136865.920781
[02:46:05] [worker #2] Bootstrap tree #45, logLikelihood: -145639.359037
[02:48:02] [worker #1] Bootstrap tree #44, logLikelihood: -134983.198120
[02:57:51] [worker #0] Bootstrap tree #50, logLikelihood: -137669.913730
[03:10:12] [worker #2] Bootstrap tree #52, logLikelihood: -132346.006602
[03:10:50] [worker #0] Bootstrap tree #57, logLikelihood: -135343.270747
[03:12:02] [worker #4] Bootstrap tree #54, logLikelihood: -141146.375910
[03:12:08] [worker #5] Bootstrap tree #55, logLikelihood: -132630.338628
[03:12:14] [worker #3] Bootstrap tree #53, logLikelihood: -136824.190410
[03:12:29] [worker #1] Bootstrap tree #51, logLikelihood: -135266.051833
[03:13:38] [worker #6] Bootstrap tree #56, logLikelihood: -143781.726483
[03:23:48] [worker #2] Bootstrap tree #59, logLikelihood: -139281.145798
[03:23:48] [worker #0] Bootstrap tree #64, logLikelihood: -141347.310569
[03:25:16] [worker #3] Bootstrap tree #60, logLikelihood: -142415.697871
[03:25:31] [worker #5] Bootstrap tree #62, logLikelihood: -138844.167351
[03:26:03] [worker #1] Bootstrap tree #58, logLikelihood: -130379.400607
[03:26:29] [worker #6] Bootstrap tree #63, logLikelihood: -131872.405914
[03:28:43] [worker #4] Bootstrap tree #61, logLikelihood: -137262.938034
[03:37:29] [worker #0] Bootstrap tree #71, logLikelihood: -135010.781962
[03:38:10] [worker #6] Bootstrap tree #70, logLikelihood: -136041.658086
[03:38:18] [worker #2] Bootstrap tree #66, logLikelihood: -138691.955574
[03:38:52] [worker #1] Bootstrap tree #65, logLikelihood: -139879.820969
[03:39:06] [worker #5] Bootstrap tree #69, logLikelihood: -143123.952988
[03:39:14] [worker #3] Bootstrap tree #67, logLikelihood: -142463.922538
[03:44:00] [worker #4] Bootstrap tree #68, logLikelihood: -133635.426568
[03:51:36] [worker #0] Bootstrap tree #78, logLikelihood: -135738.832901
[03:51:42] [worker #6] Bootstrap tree #77, logLikelihood: -135604.334807
[03:52:23] [worker #2] Bootstrap tree #73, logLikelihood: -141787.039519
[03:53:08] [worker #3] Bootstrap tree #74, logLikelihood: -137190.772109
[03:53:23] [worker #5] Bootstrap tree #76, logLikelihood: -141637.291914
[03:56:59] [worker #1] Bootstrap tree #72, logLikelihood: -129263.325325
[03:57:22] [worker #4] Bootstrap tree #75, logLikelihood: -139317.795035
[04:02:38] [worker #0] Bootstrap tree #85, logLikelihood: -132540.585501
[04:06:04] [worker #6] Bootstrap tree #84, logLikelihood: -144509.723990
[04:06:39] [worker #3] Bootstrap tree #81, logLikelihood: -138326.119876
[04:07:26] [worker #2] Bootstrap tree #80, logLikelihood: -130885.658333
[04:11:11] [worker #1] Bootstrap tree #79, logLikelihood: -133043.557137
[04:11:16] [worker #5] Bootstrap tree #83, logLikelihood: -133907.227535
[04:14:22] [worker #4] Bootstrap tree #82, logLikelihood: -141465.921033
[04:15:56] [worker #0] Bootstrap tree #92, logLikelihood: -135773.307534
[04:20:40] [worker #3] Bootstrap tree #88, logLikelihood: -130523.689690
[04:20:50] [worker #6] Bootstrap tree #91, logLikelihood: -133015.002877
[04:22:00] [worker #2] Bootstrap tree #87, logLikelihood: -141668.428499
[04:25:33] [worker #1] Bootstrap tree #86, logLikelihood: -135248.401406
[04:26:24] [worker #5] Bootstrap tree #90, logLikelihood: -131334.087071
[04:29:24] [worker #0] Bootstrap tree #99, logLikelihood: -130150.742312
[04:29:35] [worker #4] Bootstrap tree #89, logLikelihood: -146958.508017
[04:35:19] [worker #6] Bootstrap tree #98, logLikelihood: -131966.259932
[04:35:58] [worker #2] Bootstrap tree #94, logLikelihood: -140988.430495
[04:36:12] [worker #3] Bootstrap tree #95, logLikelihood: -143200.745015
[04:39:44] [worker #1] Bootstrap tree #93, logLikelihood: -132791.198861
[04:41:09] [worker #5] Bootstrap tree #97, logLikelihood: -139507.537978
[04:44:32] [worker #4] Bootstrap tree #96, logLikelihood: -140999.692929
[04:52:07] [worker #1] Bootstrap tree #100, logLikelihood: -131753.884112

Optimized model parameters:

   Partition 0: noname
   Rate heterogeneity: GAMMA (4 cats, mean),  alpha: 1.015393 (ML),  weights&rates: (0.250000,0.140015) (0.250000,0.481330) (0.250000,1.002504) (0.250000,2.376151) 
   Base frequencies (model): 0.076748 0.051691 0.042645 0.051544 0.019803 0.040752 0.061830 0.073152 0.022944 0.053761 0.091904 0.058676 0.023826 0.040126 0.050901 0.068765 0.058565 0.014261 0.032102 0.066005 
   Substitution rates (model): 58.000000 54.000000 81.000000 56.000000 57.000000 105.000000 179.000000 27.000000 36.000000 30.000000 35.000000 54.000000 15.000000 194.000000 378.000000 475.000000 9.000000 11.000000 298.000000 45.000000 16.000000 113.000000 310.000000 29.000000 137.000000 328.000000 22.000000 38.000000 646.000000 44.000000 5.000000 74.000000 101.000000 64.000000 126.000000 20.000000 17.000000 528.000000 34.000000 86.000000 58.000000 81.000000 391.000000 47.000000 12.000000 263.000000 30.000000 10.000000 15.000000 503.000000 232.000000 8.000000 70.000000 16.000000 10.000000 49.000000 767.000000 130.000000 112.000000 11.000000 7.000000 26.000000 15.000000 4.000000 15.000000 59.000000 38.000000 4.000000 46.000000 31.000000 9.000000 5.000000 59.000000 69.000000 17.000000 23.000000 7.000000 31.000000 78.000000 14.000000 223.000000 42.000000 115.000000 209.000000 62.000000 323.000000 26.000000 597.000000 9.000000 72.000000 292.000000 43.000000 4.000000 164.000000 53.000000 51.000000 18.000000 24.000000 20.000000 119.000000 26.000000 12.000000 9.000000 181.000000 18.000000 5.000000 18.000000 30.000000 32.000000 10.000000 7.000000 45.000000 23.000000 6.000000 6.000000 27.000000 14.000000 5.000000 24.000000 201.000000 33.000000 55.000000 8.000000 47.000000 16.000000 56.000000 45.000000 33.000000 40.000000 115.000000 73.000000 46.000000 8.000000 573.000000 11.000000 229.000000 21.000000 479.000000 89.000000 10.000000 40.000000 245.000000 9.000000 32.000000 961.000000 14.000000 388.000000 248.000000 102.000000 59.000000 25.000000 52.000000 24.000000 180.000000 65.000000 4.000000 21.000000 47.000000 103.000000 10.000000 8.000000 14.000000 43.000000 16.000000 29.000000 226.000000 24.000000 18.000000 323.000000 17.000000 92.000000 12.000000 53.000000 536.000000 62.000000 285.000000 118.000000 6.000000 10.000000 23.000000 477.000000 35.000000 63.000000 38.000000 12.000000 21.000000 112.000000 71.000000 25.000000 16.000000 


Final LogLikelihood: -138391.162925

AIC score: 278930.325850 / AICc score: 2588030.325850 / BIC score: 282545.384090
Free parameters (model + branch lengths): 1074

WARNING: Number of free parameters (K=1074) is larger than alignment size (n=214).
         This might lead to overfitting and compromise tree inference results!


WARNING: Best ML tree contains 28 near-zero branches!

Best ML tree with collapsed near-zero branches saved to: /Users/idamei/polyphenol-oxidases/data/proteome-tree/raxml/T7.raxml.bestTreeCollapsed
Best ML tree saved to: /Users/idamei/polyphenol-oxidases/data/proteome-tree/raxml/T7.raxml.bestTree
All ML trees saved to: /Users/idamei/polyphenol-oxidases/data/proteome-tree/raxml/T7.raxml.mlTrees
Best ML tree with Felsenstein bootstrap (FBP) support values saved to: /Users/idamei/polyphenol-oxidases/data/proteome-tree/raxml/T7.raxml.support
Optimized model saved to: /Users/idamei/polyphenol-oxidases/data/proteome-tree/raxml/T7.raxml.bestModel
Bootstrap trees saved to: /Users/idamei/polyphenol-oxidases/data/proteome-tree/raxml/T7.raxml.bootstraps

Execution log saved to: /Users/idamei/polyphenol-oxidases/data/proteome-tree/raxml/T7.raxml.log

Analysis started: 12-Mar-2024 15:29:08 / finished: 12-Mar-2024 20:21:16

Elapsed time: 17527.960 seconds

